### 12.04.2019 21:28:27
Array
(
    [username] => Вася
)



### 12.04.2019 21:29:45
Array
(
    [catalog] => Array
        (
            [0] => Спички
            [1] => Кружка
            [2] => Ведро
        )

)



### 15.04.2019 20:48:51
Array
(
    [username] => Вася
)



### 15.04.2019 20:48:54
Array
(
    [catalog] => Array
        (
            [0] => Спички
            [1] => Кружка
            [2] => Ведро
        )

)



### 15.04.2019 20:48:58
Array
(
)



### 15.04.2019 20:48:59
Array
(
    [username] => Вася
)



### 15.04.2019 20:49:04
Array
(
    [catalog] => Array
        (
            [0] => Спички
            [1] => Кружка
            [2] => Ведро
        )

)



### 15.04.2019 20:49:32
Array
(
    [catalog] => Array
        (
            [0] => Спички
            [1] => Кружка
            [2] => Ведро
        )

)



### 15.04.2019 20:49:35
Array
(
    [username] => Вася
)



### 15.04.2019 20:49:45
Array
(
    [username] => Вася
)



### 15.04.2019 20:49:51
Array
(
    [username] => Вася
)



### 15.04.2019 20:49:54
Array
(
)



### 15.04.2019 20:50:25
Array
(
    [catalog] => Array
        (
            [0] => Спички
            [1] => Кружка
            [2] => Ведро
        )

)



### 15.04.2019 20:50:29
Array
(
    [username] => Вася
)



### 15.04.2019 20:50:41
Array
(
    [catalog] => Array
        (
            [0] => Спички
            [1] => Кружка
            [2] => Ведро
        )

)



### 15.04.2019 20:54:06
Array
(
    [username] => Вася
)



### 15.04.2019 20:54:13
Array
(
    [username] => Вася
)



### 15.04.2019 20:54:32
Array
(
    [username] => Вася
)



### 15.04.2019 20:54:38
Array
(
    [username] => Вася
)



### 15.04.2019 20:54:41
Array
(
    [catalog] => Array
        (
            [0] => Спички
            [1] => Кружка
            [2] => Ведро
        )

)



### 15.04.2019 20:55:47
Array
(
    [username] => Вася
)



### 15.04.2019 20:55:58
Array
(
    [username] => Вася
)



### 15.04.2019 20:56:06
Array
(
    [username] => Вася
)



### 15.04.2019 20:56:16
Array
(
    [username] => Вася
)



### 15.04.2019 20:56:55
Array
(
    [username] => Вася
)



### 15.04.2019 20:57:11
Array
(
    [username] => Вася
)



### 15.04.2019 20:57:16
Array
(
    [username] => Вася
)



### 15.04.2019 20:58:37
Array
(
    [username] => Вася
)



### 15.04.2019 20:58:46
Array
(
    [catalog] => Array
        (
            [0] => Спички
            [1] => Кружка
            [2] => Ведро
        )

)



### 15.04.2019 20:58:59
Array
(
)



### 15.04.2019 20:59:06
Array
(
    [catalog] => Array
        (
            [0] => Спички
            [1] => Кружка
            [2] => Ведро
        )

)



### 15.04.2019 20:59:11
Array
(
    [catalog] => Array
        (
            [0] => Спички
            [1] => Кружка
            [2] => Ведро
        )

)



### 15.04.2019 20:59:12
Array
(
    [username] => Вася
)



### 15.04.2019 20:59:13
Array
(
    [catalog] => Array
        (
            [0] => Спички
            [1] => Кружка
            [2] => Ведро
        )

)



### 15.04.2019 20:59:14
Array
(
    [catalog] => Array
        (
            [0] => Спички
            [1] => Кружка
            [2] => Ведро
        )

)



### 15.04.2019 20:59:15
Array
(
    [catalog] => Array
        (
            [0] => Спички
            [1] => Кружка
            [2] => Ведро
        )

)



### 15.04.2019 20:59:16
Array
(
    [catalog] => Array
        (
            [0] => Спички
            [1] => Кружка
            [2] => Ведро
        )

)



### 15.04.2019 20:59:18
Array
(
    [catalog] => Array
        (
            [0] => Спички
            [1] => Кружка
            [2] => Ведро
        )

)



### 15.04.2019 20:59:19
Array
(
    [catalog] => Array
        (
            [0] => Спички
            [1] => Кружка
            [2] => Ведро
        )

)



### 15.04.2019 20:59:20
Array
(
    [username] => Вася
)



### 15.04.2019 20:59:21
Array
(
    [catalog] => Array
        (
            [0] => Спички
            [1] => Кружка
            [2] => Ведро
        )

)



### 15.04.2019 21:01:52
Array
(
    [catalog] => Array
        (
            [0] => Спички
            [1] => Кружка
            [2] => Ведро
        )

)



### 15.04.2019 21:01:53
Array
(
    [username] => Вася
)



### 15.04.2019 21:13:37
Array
(
    [news] => Array
        (
            [0] => Array
                (
                    [id] => 1
                    [category] => 2
                    [prev] => В штабе Зеленского не признают референдум в Крыму
                    [text] => КИЕВ, 15 апр — РИА Новости. Пресс-служба кандидата в президенты Украины Владимира Зеленского заявила, что в его штабе не признают референдум о воссоединении Крыма с Россией.
"Так называемый "референдум" не может считаться актом, свидетельствующим о свободном волеизъявлении жителей Крыма", — говорится в заявлении, которое имеется в распоряжении РИА Новости.
                )

            [1] => Array
                (
                    [id] => 2
                    [category] => 2
                    [prev] => Путин подписал закон о запрете размещения хостелов в жилых домах
                    [text] => МОСКВА, 15 апр - РИА Новости. Владимир Путин подписал закон о запрете размещения хостелов в многоквартирных домах с первого октября 2019 года, соответствующий документ опубликован на официальном портале правовой информации.
Закон запрещает использовать жилые помещения в качестве гостиницы или другого средства временного размещения. Предусматривается, что оказывать гостиничные услуги можно лишь после перевода жилого помещения в нежилое и оснащения его оборудованием надлежащего качества:
                )

        )

)



### 15.04.2019 21:15:05
Array
(
    [news] => Array
        (
            [0] => Array
                (
                    [id] => 1
                    [category] => 2
                    [prev] => В штабе Зеленского не признают референдум в Крыму
                    [text] => КИЕВ, 15 апр — РИА Новости. Пресс-служба кандидата в президенты Украины Владимира Зеленского заявила, что в его штабе не признают референдум о воссоединении Крыма с Россией.
"Так называемый "референдум" не может считаться актом, свидетельствующим о свободном волеизъявлении жителей Крыма", — говорится в заявлении, которое имеется в распоряжении РИА Новости.
                )

            [1] => Array
                (
                    [id] => 2
                    [category] => 2
                    [prev] => Путин подписал закон о запрете размещения хостелов в жилых домах
                    [text] => МОСКВА, 15 апр - РИА Новости. Владимир Путин подписал закон о запрете размещения хостелов в многоквартирных домах с первого октября 2019 года, соответствующий документ опубликован на официальном портале правовой информации.
Закон запрещает использовать жилые помещения в качестве гостиницы или другого средства временного размещения. Предусматривается, что оказывать гостиничные услуги можно лишь после перевода жилого помещения в нежилое и оснащения его оборудованием надлежащего качества:
                )

        )

)



### 15.04.2019 21:15:19
Array
(
)



### 15.04.2019 21:15:22
Array
(
)



### 15.04.2019 21:16:12
Array
(
    [news] => Array
        (
            [0] => Array
                (
                    [id] => 1
                    [category] => 2
                    [prev] => В штабе Зеленского не признают референдум в Крыму
                    [text] => КИЕВ, 15 апр — РИА Новости. Пресс-служба кандидата в президенты Украины Владимира Зеленского заявила, что в его штабе не признают референдум о воссоединении Крыма с Россией.
"Так называемый "референдум" не может считаться актом, свидетельствующим о свободном волеизъявлении жителей Крыма", — говорится в заявлении, которое имеется в распоряжении РИА Новости.
                )

            [1] => Array
                (
                    [id] => 2
                    [category] => 2
                    [prev] => Путин подписал закон о запрете размещения хостелов в жилых домах
                    [text] => МОСКВА, 15 апр - РИА Новости. Владимир Путин подписал закон о запрете размещения хостелов в многоквартирных домах с первого октября 2019 года, соответствующий документ опубликован на официальном портале правовой информации.
Закон запрещает использовать жилые помещения в качестве гостиницы или другого средства временного размещения. Предусматривается, что оказывать гостиничные услуги можно лишь после перевода жилого помещения в нежилое и оснащения его оборудованием надлежащего качества:
                )

        )

)



### 15.04.2019 21:19:57
Array
(
)



### 15.04.2019 21:20:48
Array
(
    [prev] => В штабе Зеленского не признают референдум в Крыму
    [text] => КИЕВ, 15 апр — РИА Новости. Пресс-служба кандидата в президенты Украины Владимира Зеленского заявила, что в его штабе не признают референдум о воссоединении Крыма с Россией.
"Так называемый "референдум" не может считаться актом, свидетельствующим о свободном волеизъявлении жителей Крыма", — говорится в заявлении, которое имеется в распоряжении РИА Новости.
)



### 15.04.2019 21:20:51
Array
(
    [news] => Array
        (
            [0] => Array
                (
                    [id] => 1
                    [category] => 2
                    [prev] => В штабе Зеленского не признают референдум в Крыму
                    [text] => КИЕВ, 15 апр — РИА Новости. Пресс-служба кандидата в президенты Украины Владимира Зеленского заявила, что в его штабе не признают референдум о воссоединении Крыма с Россией.
"Так называемый "референдум" не может считаться актом, свидетельствующим о свободном волеизъявлении жителей Крыма", — говорится в заявлении, которое имеется в распоряжении РИА Новости.
                )

            [1] => Array
                (
                    [id] => 2
                    [category] => 2
                    [prev] => Путин подписал закон о запрете размещения хостелов в жилых домах
                    [text] => МОСКВА, 15 апр - РИА Новости. Владимир Путин подписал закон о запрете размещения хостелов в многоквартирных домах с первого октября 2019 года, соответствующий документ опубликован на официальном портале правовой информации.
Закон запрещает использовать жилые помещения в качестве гостиницы или другого средства временного размещения. Предусматривается, что оказывать гостиничные услуги можно лишь после перевода жилого помещения в нежилое и оснащения его оборудованием надлежащего качества:
                )

        )

)



### 15.04.2019 21:20:52
Array
(
    [prev] => Путин подписал закон о запрете размещения хостелов в жилых домах
    [text] => МОСКВА, 15 апр - РИА Новости. Владимир Путин подписал закон о запрете размещения хостелов в многоквартирных домах с первого октября 2019 года, соответствующий документ опубликован на официальном портале правовой информации.
Закон запрещает использовать жилые помещения в качестве гостиницы или другого средства временного размещения. Предусматривается, что оказывать гостиничные услуги можно лишь после перевода жилого помещения в нежилое и оснащения его оборудованием надлежащего качества:
)



### 15.04.2019 21:28:17
Array
(
    [prev] => Путин подписал закон о запрете размещения хостелов в жилых домах
    [text] => МОСКВА, 15 апр - РИА Новости. Владимир Путин подписал закон о запрете размещения хостелов в многоквартирных домах с первого октября 2019 года, соответствующий документ опубликован на официальном портале правовой информации.
Закон запрещает использовать жилые помещения в качестве гостиницы или другого средства временного размещения. Предусматривается, что оказывать гостиничные услуги можно лишь после перевода жилого помещения в нежилое и оснащения его оборудованием надлежащего качества:
)



### 15.04.2019 21:28:18
Array
(
    [username] => Вася
)



### 15.04.2019 21:28:19
Array
(
    [news] => Array
        (
            [0] => Array
                (
                    [id] => 1
                    [category] => 2
                    [prev] => В штабе Зеленского не признают референдум в Крыму
                    [text] => КИЕВ, 15 апр — РИА Новости. Пресс-служба кандидата в президенты Украины Владимира Зеленского заявила, что в его штабе не признают референдум о воссоединении Крыма с Россией.
"Так называемый "референдум" не может считаться актом, свидетельствующим о свободном волеизъявлении жителей Крыма", — говорится в заявлении, которое имеется в распоряжении РИА Новости.
                )

            [1] => Array
                (
                    [id] => 2
                    [category] => 2
                    [prev] => Путин подписал закон о запрете размещения хостелов в жилых домах
                    [text] => МОСКВА, 15 апр - РИА Новости. Владимир Путин подписал закон о запрете размещения хостелов в многоквартирных домах с первого октября 2019 года, соответствующий документ опубликован на официальном портале правовой информации.
Закон запрещает использовать жилые помещения в качестве гостиницы или другого средства временного размещения. Предусматривается, что оказывать гостиничные услуги можно лишь после перевода жилого помещения в нежилое и оснащения его оборудованием надлежащего качества:
                )

        )

)



### 15.04.2019 21:28:20
Array
(
    [username] => Вася
)



### 15.04.2019 21:28:20
Array
(
    [news] => Array
        (
            [0] => Array
                (
                    [id] => 1
                    [category] => 2
                    [prev] => В штабе Зеленского не признают референдум в Крыму
                    [text] => КИЕВ, 15 апр — РИА Новости. Пресс-служба кандидата в президенты Украины Владимира Зеленского заявила, что в его штабе не признают референдум о воссоединении Крыма с Россией.
"Так называемый "референдум" не может считаться актом, свидетельствующим о свободном волеизъявлении жителей Крыма", — говорится в заявлении, которое имеется в распоряжении РИА Новости.
                )

            [1] => Array
                (
                    [id] => 2
                    [category] => 2
                    [prev] => Путин подписал закон о запрете размещения хостелов в жилых домах
                    [text] => МОСКВА, 15 апр - РИА Новости. Владимир Путин подписал закон о запрете размещения хостелов в многоквартирных домах с первого октября 2019 года, соответствующий документ опубликован на официальном портале правовой информации.
Закон запрещает использовать жилые помещения в качестве гостиницы или другого средства временного размещения. Предусматривается, что оказывать гостиничные услуги можно лишь после перевода жилого помещения в нежилое и оснащения его оборудованием надлежащего качества:
                )

        )

)



### 15.04.2019 21:28:43
Array
(
    [news] => Array
        (
            [0] => Array
                (
                    [id] => 1
                    [category] => 2
                    [prev] => В штабе Зеленского не признают референдум в Крыму
                    [text] => КИЕВ, 15 апр — РИА Новости. Пресс-служба кандидата в президенты Украины Владимира Зеленского заявила, что в его штабе не признают референдум о воссоединении Крыма с Россией.
"Так называемый "референдум" не может считаться актом, свидетельствующим о свободном волеизъявлении жителей Крыма", — говорится в заявлении, которое имеется в распоряжении РИА Новости.
                )

            [1] => Array
                (
                    [id] => 2
                    [category] => 2
                    [prev] => Путин подписал закон о запрете размещения хостелов в жилых домах
                    [text] => МОСКВА, 15 апр - РИА Новости. Владимир Путин подписал закон о запрете размещения хостелов в многоквартирных домах с первого октября 2019 года, соответствующий документ опубликован на официальном портале правовой информации.
Закон запрещает использовать жилые помещения в качестве гостиницы или другого средства временного размещения. Предусматривается, что оказывать гостиничные услуги можно лишь после перевода жилого помещения в нежилое и оснащения его оборудованием надлежащего качества:
                )

        )

)



### 15.04.2019 21:28:46
Array
(
    [news] => Array
        (
            [0] => Array
                (
                    [id] => 1
                    [category] => 2
                    [prev] => В штабе Зеленского не признают референдум в Крыму
                    [text] => КИЕВ, 15 апр — РИА Новости. Пресс-служба кандидата в президенты Украины Владимира Зеленского заявила, что в его штабе не признают референдум о воссоединении Крыма с Россией.
"Так называемый "референдум" не может считаться актом, свидетельствующим о свободном волеизъявлении жителей Крыма", — говорится в заявлении, которое имеется в распоряжении РИА Новости.
                )

            [1] => Array
                (
                    [id] => 2
                    [category] => 2
                    [prev] => Путин подписал закон о запрете размещения хостелов в жилых домах
                    [text] => МОСКВА, 15 апр - РИА Новости. Владимир Путин подписал закон о запрете размещения хостелов в многоквартирных домах с первого октября 2019 года, соответствующий документ опубликован на официальном портале правовой информации.
Закон запрещает использовать жилые помещения в качестве гостиницы или другого средства временного размещения. Предусматривается, что оказывать гостиничные услуги можно лишь после перевода жилого помещения в нежилое и оснащения его оборудованием надлежащего качества:
                )

        )

)



### 15.04.2019 21:28:46
Array
(
)



### 15.04.2019 21:29:07
Array
(
    [prev] => В штабе Зеленского не признают референдум в Крыму
    [text] => КИЕВ, 15 апр — РИА Новости. Пресс-служба кандидата в президенты Украины Владимира Зеленского заявила, что в его штабе не признают референдум о воссоединении Крыма с Россией.
"Так называемый "референдум" не может считаться актом, свидетельствующим о свободном волеизъявлении жителей Крыма", — говорится в заявлении, которое имеется в распоряжении РИА Новости.
)



### 15.04.2019 21:29:09
Array
(
    [news] => Array
        (
            [0] => Array
                (
                    [id] => 1
                    [category] => 2
                    [prev] => В штабе Зеленского не признают референдум в Крыму
                    [text] => КИЕВ, 15 апр — РИА Новости. Пресс-служба кандидата в президенты Украины Владимира Зеленского заявила, что в его штабе не признают референдум о воссоединении Крыма с Россией.
"Так называемый "референдум" не может считаться актом, свидетельствующим о свободном волеизъявлении жителей Крыма", — говорится в заявлении, которое имеется в распоряжении РИА Новости.
                )

            [1] => Array
                (
                    [id] => 2
                    [category] => 2
                    [prev] => Путин подписал закон о запрете размещения хостелов в жилых домах
                    [text] => МОСКВА, 15 апр - РИА Новости. Владимир Путин подписал закон о запрете размещения хостелов в многоквартирных домах с первого октября 2019 года, соответствующий документ опубликован на официальном портале правовой информации.
Закон запрещает использовать жилые помещения в качестве гостиницы или другого средства временного размещения. Предусматривается, что оказывать гостиничные услуги можно лишь после перевода жилого помещения в нежилое и оснащения его оборудованием надлежащего качества:
                )

        )

)



### 16.04.2019 19:57:37
Array
(
    [username] => Вася
)



### 17.04.2019 10:35:38
Array
(
    [username] => Вася
)



### 17.04.2019 10:52:32
Array
(
    [username] => Вася
)



### 17.04.2019 10:52:32
Array
(
)



### 17.04.2019 10:52:35
Array
(
)



### 17.04.2019 10:52:35
Array
(
)



### 17.04.2019 10:52:38
Array
(
)



### 17.04.2019 10:52:40
Array
(
)



### 17.04.2019 10:52:58
Array
(
)



