### 12.04.2019 21:29:45
catalog


### 15.04.2019 20:48:51
index


### 15.04.2019 20:48:54
catalog


### 15.04.2019 20:48:58
product


### 15.04.2019 20:48:59
index


### 15.04.2019 20:49:04
catalog


### 15.04.2019 20:49:32
catalog


### 15.04.2019 20:49:35
index


### 15.04.2019 20:49:45
index


### 15.04.2019 20:49:51
index


### 15.04.2019 20:49:54
news


### 15.04.2019 20:50:25
news


### 15.04.2019 20:50:29
index


### 15.04.2019 20:50:41
news


### 15.04.2019 20:54:06
index


### 15.04.2019 20:54:13
index


### 15.04.2019 20:54:32
index


### 15.04.2019 20:54:38
index


### 15.04.2019 20:54:41
news


### 15.04.2019 20:55:47
index


### 15.04.2019 20:55:58
index


### 15.04.2019 20:56:06
index


### 15.04.2019 20:56:16
index


### 15.04.2019 20:56:55
index


### 15.04.2019 20:57:11
index


### 15.04.2019 20:57:16
index


### 15.04.2019 20:58:37
index


### 15.04.2019 20:58:46
news


### 15.04.2019 20:58:59
newss


### 15.04.2019 20:59:06
news


### 15.04.2019 20:59:11
news


### 15.04.2019 20:59:12
index


### 15.04.2019 20:59:13
news


### 15.04.2019 20:59:14
news


### 15.04.2019 20:59:15
news


### 15.04.2019 20:59:16
news


### 15.04.2019 20:59:18
news


### 15.04.2019 20:59:19
news


### 15.04.2019 20:59:20
index


### 15.04.2019 20:59:21
news


### 15.04.2019 21:01:52
news


### 15.04.2019 21:01:53
index


### 15.04.2019 21:13:37
news


### 15.04.2019 21:15:05
news


### 15.04.2019 21:15:19
newspage


### 15.04.2019 21:15:22
newspage


### 15.04.2019 21:16:12
news


### 15.04.2019 21:19:57
newspage


### 15.04.2019 21:20:48
newspage


### 15.04.2019 21:20:51
news


### 15.04.2019 21:20:52
newspage


### 15.04.2019 21:28:17
newspage


### 15.04.2019 21:28:18
index


### 15.04.2019 21:28:19
news


### 15.04.2019 21:28:20
index


### 15.04.2019 21:28:20
news


### 15.04.2019 21:28:43
news


### 15.04.2019 21:28:46
news


### 15.04.2019 21:28:46
feedback


### 15.04.2019 21:29:07
newspage


### 15.04.2019 21:29:09
news


### 16.04.2019 19:57:37
index


### 17.04.2019 10:35:38
index


### 17.04.2019 10:52:32
index


### 17.04.2019 10:52:32
favicon.ico


### 17.04.2019 10:52:35
feedback


### 17.04.2019 10:52:35
favicon.ico


### 17.04.2019 10:52:38
favicon.ico


### 17.04.2019 10:52:40
favicon.ico


### 17.04.2019 10:52:58
favicon.ico


