### 12.04.2019 21:28:27
Array
(
    [username] => Вася
)



### 12.04.2019 21:29:45
Array
(
    [catalog] => Array
        (
            [0] => Спички
            [1] => Кружка
            [2] => Ведро
        )

)



### 15.04.2019 12:48:20
Array
(
    [username] => Вася
)



### 15.04.2019 12:53:07
Array
(
)



### 15.04.2019 12:54:52
Array
(
)



### 15.04.2019 12:55:31
Array
(
)



### 15.04.2019 12:59:37
Array
(
)



### 15.04.2019 12:59:38
Array
(
)



### 15.04.2019 13:02:32
Array
(
)



### 15.04.2019 13:03:44
Array
(
)



### 15.04.2019 13:03:45
Array
(
)



### 15.04.2019 13:03:46
Array
(
)



### 15.04.2019 13:03:49
Array
(
    [catalog] => Array
        (
            [0] => Спички
            [1] => Кружка
            [2] => Ведро
        )

)



### 15.04.2019 13:03:56
Array
(
)



### 15.04.2019 13:04:04
Array
(
    [catalog] => Array
        (
            [0] => Спички
            [1] => Кружка
            [2] => Ведро
        )

)



### 15.04.2019 13:04:10
Array
(
)



### 15.04.2019 13:06:12
Array
(
)



### 15.04.2019 13:06:13
Array
(
    [catalog] => Array
        (
            [0] => Спички
            [1] => Кружка
            [2] => Ведро
        )

)



### 15.04.2019 13:20:45
Array
(
    [imgs_path] => 
)



### 15.04.2019 13:20:49
Array
(
)



### 15.04.2019 13:20:50
Array
(
    [imgs_path] => 
)



### 15.04.2019 13:28:17
Array
(
    [imgs_path] => 
)



### 15.04.2019 13:29:25
Array
(
    [imgs_path] => 
)



### 15.04.2019 13:29:28
Array
(
    [imgs_path] => 
)



### 15.04.2019 13:29:30
Array
(
)



### 15.04.2019 13:29:31
Array
(
    [imgs_path] => 
)



### 15.04.2019 13:30:13
Array
(
    [imgs_path] => 
)



### 15.04.2019 13:30:14
Array
(
    [imgs_path] => 
)



### 15.04.2019 13:30:16
Array
(
    [imgs_path] => 
)



### 15.04.2019 13:31:21
Array
(
    [imgs] => 
)



### 15.04.2019 13:32:13
Array
(
    [imgs] => 
)



### 15.04.2019 13:35:21
Array
(
    [imgs] => 
)



### 15.04.2019 13:40:16
Array
(
    [imgs] => 
)



### 15.04.2019 13:40:17
Array
(
    [imgs] => 
)



### 15.04.2019 13:40:18
Array
(
    [imgs] => 
)



### 15.04.2019 13:40:20
Array
(
    [imgs] => 
)



### 15.04.2019 13:40:21
Array
(
    [imgs] => 
)



### 15.04.2019 13:40:22
Array
(
    [imgs] => 
)



### 15.04.2019 13:41:48
Array
(
    [imgs] => 
)



### 15.04.2019 13:41:49
Array
(
    [imgs] => 
)



### 15.04.2019 13:42:59
Array
(
    [imgs] => 
)



### 15.04.2019 13:43:00
Array
(
    [imgs] => 
)



### 15.04.2019 13:43:00
Array
(
    [imgs] => 
)



### 15.04.2019 13:43:01
Array
(
    [imgs] => 
)



### 15.04.2019 13:43:01
Array
(
    [imgs] => 
)



### 15.04.2019 13:43:39
Array
(
    [imgs] => 
)



### 15.04.2019 13:43:40
Array
(
    [imgs] => 
)



### 15.04.2019 13:43:46
Array
(
)



### 15.04.2019 13:43:48
Array
(
    [imgs] => 
)



### 15.04.2019 13:44:43
Array
(
    [imgs] => 
)



### 15.04.2019 13:44:44
Array
(
    [imgs] => 
)



### 15.04.2019 13:44:45
Array
(
    [imgs] => 
)



### 15.04.2019 13:44:45
Array
(
    [imgs] => 
)



### 15.04.2019 13:44:45
Array
(
    [imgs] => 
)



### 15.04.2019 13:44:45
Array
(
    [imgs] => 
)



### 15.04.2019 13:47:54
Array
(
    [imgs] => 
)



### 15.04.2019 13:47:55
Array
(
    [imgs] => 
)



### 15.04.2019 13:56:32
Array
(
    [imgs] => Array
        (
            [0] => 01.jpg
            [1] => 02.jpg
            [2] => 03.jpg
            [3] => 04.jpg
            [4] => 05.jpg
            [5] => 06.jpg
            [6] => 07.jpg
            [7] => 08.jpg
            [8] => 09.jpg
            [9] => 10.jpg
            [10] => 11.jpg
            [11] => 12.jpg
            [12] => 13.jpg
            [13] => 14.jpg
            [14] => 15.jpg
            [15] => 43445_900.jpg
        )

)



### 15.04.2019 13:56:56
Array
(
    [imgs] => Array
        (
            [0] => 01.jpg
            [1] => 02.jpg
            [2] => 03.jpg
            [3] => 04.jpg
            [4] => 05.jpg
            [5] => 06.jpg
            [6] => 07.jpg
            [7] => 08.jpg
            [8] => 09.jpg
            [9] => 10.jpg
            [10] => 11.jpg
            [11] => 12.jpg
            [12] => 13.jpg
            [13] => 14.jpg
            [14] => 15.jpg
        )

)



### 15.04.2019 13:57:01
Array
(
    [imgs] => Array
        (
            [0] => 01.jpg
            [1] => 02.jpg
            [2] => 03.jpg
            [3] => 04.jpg
            [4] => 05.jpg
            [5] => 06.jpg
            [6] => 07.jpg
            [7] => 08.jpg
            [8] => 09.jpg
            [9] => 10.jpg
            [10] => 11.jpg
            [11] => 12.jpg
            [12] => 13.jpg
            [13] => 14.jpg
            [14] => 15.jpg
        )

)



### 15.04.2019 13:57:12
Array
(
    [imgs] => Array
        (
            [0] => 01.jpg
            [1] => 02.jpg
            [2] => 03.jpg
            [3] => 04.jpg
            [4] => 05.jpg
            [5] => 06.jpg
            [6] => 07.jpg
            [7] => 08.jpg
            [8] => 09.jpg
            [9] => 10.jpg
            [10] => 11.jpg
            [11] => 12.jpg
            [12] => 13.jpg
            [13] => 14.jpg
            [14] => 15.jpg
            [15] => 43445_900.jpg
        )

)



### 15.04.2019 13:57:34
Array
(
    [imgs] => Array
        (
            [0] => 01.jpg
            [1] => 02.jpg
            [2] => 03.jpg
            [3] => 04.jpg
            [4] => 05.jpg
            [5] => 06.jpg
            [6] => 07.jpg
            [7] => 08.jpg
            [8] => 09.jpg
            [9] => 10.jpg
            [10] => 11.jpg
            [11] => 12.jpg
            [12] => 13.jpg
            [13] => 14.jpg
            [14] => 15.jpg
            [15] => 43445_900.jpg
        )

)



